==> Upgrading 32 outdated packages:
vim 8.2.1350 -> 8.2.1400
fdupes 2.1.1 -> 2.1.2
ilmbase 2.5.2 -> 2.5.3
mycli 1.22.1 -> 1.22.2
go 1.14.6 -> 1.14.7
gtk+3 3.24.21 -> 3.24.22
rclone 1.52.2 -> 1.52.3
pango 1.44.7 -> 1.46.0
git-credential-manager 2.0.4_1 -> 2.0.4_2
nano 5.0 -> 5.1
rust 1.45.1 -> 1.45.2
rsync 3.2.2 -> 3.2.3
vips 8.9.2_4 -> 8.10.0_1
mdcat 0.20.0 -> 0.21.0
cheat 4.0.2 -> 4.0.3
openexr 2.5.2 -> 2.5.3
babel 7.11.0 -> 7.11.1
libmaxminddb 1.4.2 -> 1.4.3
media-info 20.03 -> 20.08
links 2.20.2 -> 2.21
vala 0.48.8 -> 0.48.9
zeek 3.1.5 -> 3.1.5_1
jupyterlab 2.2.2 -> 2.2.4
node 14.7.0 -> 14.8.0
libomp 10.0.0 -> 10.0.1
neovim 0.4.3 -> 0.4.4
imagemagick 7.0.10-25 -> 7.0.10-27
wtf 20200728 -> 20200809
helm 3.2.4_1 -> 3.3.0
jasper 2.0.17 -> 2.0.19
git-archive-all 1.21.0 -> 1.22.0
rake-completion 1.0.0 -> 1.0.1
==> Upgrading rake-completion 1.0.0 -> 1.0.1 
==> Downloading https://github.com/JoeNyland/rake-completion/archive/v1.0.1.tar.gz
==> Downloading from https://codeload.github.com/JoeNyland/rake-completion/tar.gz/v1.0.1
/usr/bin/curl --disable --globoff --show-error --user-agent Homebrew/2.4.11-78-g2a619a9\ \(Macintosh\;\ Intel\ Mac\ OS\ X\ 10.15.6\)\ curl/7.64.1 --fail --silent --retry 3 --location --remote-time --continue-at 0 --output /Users/jahhein/Library/Caches/Homebrew/downloads/8664031a78c5827f4ca9b732cdc5f54b48f21e2b9b8b1aebdd62aef4e17ef99a--rake-completion-1.0.1.tar.gz.incomplete https://codeload.github.com/JoeNyland/rake-completion/tar.gz/v1.0.1
==> Verifying 8664031a78c5827f4ca9b732cdc5f54b48f21e2b9b8b1aebdd62aef4e17ef99a--rake-completion-1.0.1.tar.gz checksum
rm /usr/local/etc/bash_completion.d/rake
Error: Permission denied @ dir_s_mkdir - /private/tmp/homebrew20200814-51624-lu5p6
ln -s ../../Cellar/rake-completion/1.0.0/etc/bash_completion.d/rake rake
